<?xml version="1.0" encoding="UTF-8"?>
<!-- Generated by org.testng.reporters.JUnitXMLReporter -->
<testsuite ignored="0" hostname="JayaprakashsMBP.lan" failures="1" tests="2" name="OpenCartTest" time="28.663" errors="0" timestamp="2022-11-14T22:00:30 CST">
  <testcase classname="testCases.TC_001_AccountRegistrationtest" name="test_account_registration" time="1.133"/>
  <testcase classname="testCases.TC_002_Logintest" name="test_Login" time="10.653">
    <failure type="java.lang.AssertionError" message="expected [true] but found [false]">
      <![CDATA[java.lang.AssertionError: expected [true] but found [false]
at testCases.TC_002_Logintest.test_Login(TC_002_Logintest.java:30)
at java.base/java.util.ArrayList.forEach(ArrayList.java:1541)
... Removed 33 stack frames]]>
    </failure>
  </testcase> <!-- test_Login -->
</testsuite> <!-- OpenCartTest -->
